10:52:27 [INFO]: Export 4 quantités vers le template.
10:52:27 [INFO]: Export Excel réussi → C:\Users\nicolas.guinamard\Desktop\STAUBLI\OD260202_008-4-DAG09100041067A-x1k-x6k.xlsx
10:52:27 [INFO]: Projet mis à jour avec l'historique d'export → C:\Users\nicolas.guinamard\Documents\MWQUOTE-DATA\e6e55b5e-439e-48d2-b622-4ad98226a6e4.mwq
10:52:27 [INFO]: Export 4 quantités vers le template.
10:52:27 [INFO]: Export Excel réussi → C:\Users\nicolas.guinamard\Desktop\STAUBLI\OD260202_011-2-DAG03100024111B-x1k-x6k.xlsx
10:52:27 [INFO]: Projet mis à jour avec l'historique d'export → C:\Users\nicolas.guinamard\Documents\MWQUOTE-DATA\2fa046ed-8e98-4523-875f-ce104f2b4fdc.mwq
10:52:27 [INFO]: Export 4 quantités vers le template.
10:52:27 [INFO]: Export Excel réussi → C:\Users\nicolas.guinamard\Desktop\STAUBLI\OD260202_014-2-DAG06100033023-x1k-x6k.xlsx
10:52:27 [INFO]: Projet mis à jour avec l'historique d'export → C:\Users\nicolas.guinamard\Documents\MWQUOTE-DATA\e6d480a3-fa46-4de8-ba22-8464aabd6818.mwq
10:52:27 [INFO]: Export 2 quantités vers le template.
10:52:27 [INFO]: Export Excel réussi → C:\Users\nicolas.guinamard\Desktop\STAUBLI\OD260202_017-2-DAG03-MARK100028197C-x1.5k-x3k.xlsx
10:52:27 [INFO]: Projet mis à jour avec l'historique d'export → C:\Users\nicolas.guinamard\Documents\MWQUOTE-DATA\86a6b91d-ee3f-4443-82c7-3efe801b2f66.mwq
10:53:00 [INFO]: Export 4 quantités vers le template.
10:53:00 [INFO]: Export Excel réussi → C:\Users\nicolas.guinamard\Desktop\STAUBLI\OD260202_020-5-DAG09100041067A-x1k-x6k.xlsx
10:53:00 [INFO]: Projet mis à jour avec l'historique d'export → C:\Users\nicolas.guinamard\Documents\MWQUOTE-DATA\e6e55b5e-439e-48d2-b622-4ad98226a6e4.mwq
10:53:00 [INFO]: Export 4 quantités vers le template.
10:53:00 [INFO]: Export Excel réussi → C:\Users\nicolas.guinamard\Desktop\STAUBLI\OD260202_023-3-DAG03100024111B-x1k-x6k.xlsx
10:53:00 [INFO]: Projet mis à jour avec l'historique d'export → C:\Users\nicolas.guinamard\Documents\MWQUOTE-DATA\2fa046ed-8e98-4523-875f-ce104f2b4fdc.mwq
10:53:00 [INFO]: Export 4 quantités vers le template.
10:53:01 [INFO]: Export Excel réussi → C:\Users\nicolas.guinamard\Desktop\STAUBLI\OD260202_026-3-DAG06100033023-x1k-x6k.xlsx
10:53:01 [INFO]: Projet mis à jour avec l'historique d'export → C:\Users\nicolas.guinamard\Documents\MWQUOTE-DATA\e6d480a3-fa46-4de8-ba22-8464aabd6818.mwq
10:53:01 [INFO]: Export 2 quantités vers le template.
10:53:01 [INFO]: Export Excel réussi → C:\Users\nicolas.guinamard\Desktop\STAUBLI\OD260202_029-3-DAG03-MARK100028197C-x1.5k-x3k.xlsx
10:53:01 [INFO]: Projet mis à jour avec l'historique d'export → C:\Users\nicolas.guinamard\Documents\MWQUOTE-DATA\86a6b91d-ee3f-4443-82c7-3efe801b2f66.mwq
